This file contains any messages produced by compilers while
running configure, to aid debugging if configure makes a mistake.

It was created by configure, which was
generated by GNU Autoconf 2.69.  Invocation command line was

  $ ./configure --enable-phaimi

## --------- ##
## Platform. ##
## --------- ##

hostname = haimimac.local
uname -m = x86_64
uname -r = 11.4.2
uname -s = Darwin
uname -v = Darwin Kernel Version 11.4.2: Thu Aug 23 16:25:48 PDT 2012; root:xnu-1699.32.7~1/RELEASE_X86_64

/usr/bin/uname -p = i386
/bin/uname -X     = unknown

/bin/arch              = unknown
/usr/bin/arch -k       = unknown
/usr/convex/getsysinfo = unknown
/usr/bin/hostinfo      = Mach kernel version:
	 Darwin Kernel Version 11.4.2: Thu Aug 23 16:25:48 PDT 2012; root:xnu-1699.32.7~1/RELEASE_X86_64
Kernel configured for up to 2 processors.
2 processors are physically available.
2 processors are logically available.
Processor type: i486 (Intel 80486)
Processors active: 0 1
Primary memory available: 8.00 gigabytes
Default processor set: 201 tasks, 1036 threads, 2 processors
Load average: 5.04, Mach factor: 0.33
/bin/machine           = unknown
/usr/bin/oslevel       = unknown
/bin/universe          = unknown

PATH: /opt/local/bin
PATH: /opt/local/sbin
PATH: /opt/local/bin
PATH: /opt/local/sbin
PATH: /opt/local/bin
PATH: /opt/local/sbin
PATH: /usr/local/bin
PATH: /usr/bin
PATH: /bin
PATH: /usr/sbin
PATH: /sbin
PATH: /usr/local/bin
PATH: /usr/X11/bin
PATH: /usr/local/MacGPG2/bin


## ----------- ##
## Core tests. ##
## ----------- ##

configure:2610: checking for grep that handles long lines and -e
configure:2668: result: /usr/bin/grep
configure:2673: checking for egrep
configure:2735: result: /usr/bin/grep -E
configure:2740: checking for a sed that does not truncate output
configure:2794: result: /opt/local/bin/gsed
configure:2926: checking for cc
configure:2942: found /usr/bin/cc
configure:2953: result: cc
configure:2984: checking for C compiler version
configure:2993: cc --version >&5
i686-apple-darwin11-llvm-gcc-4.2 (GCC) 4.2.1 (Based on Apple Inc. build 5658) (LLVM build 2336.1.00)
Copyright (C) 2007 Free Software Foundation, Inc.
This is free software; see the source for copying conditions.  There is NO
warranty; not even for MERCHANTABILITY or FITNESS FOR A PARTICULAR PURPOSE.

configure:3004: $? = 0
configure:2993: cc -v >&5
Using built-in specs.
Target: i686-apple-darwin11
Configured with: /private/var/tmp/llvmgcc42/llvmgcc42-2336.1~22/src/configure --disable-checking --enable-werror --prefix=/Developer/usr/llvm-gcc-4.2 --mandir=/share/man --enable-languages=c,objc,c++,obj-c++ --program-prefix=llvm- --program-transform-name=/^[cg][^.-]*$/s/$/-4.2/ --with-slibdir=/usr/lib --build=i686-apple-darwin11 --enable-llvm=/private/var/tmp/llvmgcc42/llvmgcc42-2336.1~22/dst-llvmCore/Developer/usr/local --program-prefix=i686-apple-darwin11- --host=x86_64-apple-darwin11 --target=i686-apple-darwin11 --with-gxx-include-dir=/usr/include/c++/4.2.1
Thread model: posix
gcc version 4.2.1 (Based on Apple Inc. build 5658) (LLVM build 2336.1.00)
configure:3004: $? = 0
configure:2993: cc -V >&5
llvm-gcc-4.2: argument to `-V' is missing
configure:3004: $? = 1
configure:2993: cc -qversion >&5
i686-apple-darwin11-llvm-gcc-4.2: no input files
configure:3004: $? = 1
configure:3024: checking whether the C compiler works
configure:3046: cc -m32 -m32  conftest.c  >&5
configure:3050: $? = 0
configure:3098: result: yes
configure:3101: checking for C compiler default output file name
configure:3103: result: a.out
configure:3109: checking for suffix of executables
configure:3116: cc -o conftest -m32 -m32  conftest.c  >&5
configure:3120: $? = 0
configure:3142: result: 
configure:3164: checking whether we are cross compiling
configure:3172: cc -o conftest -m32 -m32  conftest.c  >&5
configure:3176: $? = 0
configure:3183: ./conftest
configure:3187: $? = 0
configure:3202: result: no
configure:3207: checking for suffix of object files
configure:3229: cc -c -m32 -m32 conftest.c >&5
configure:3233: $? = 0
configure:3254: result: o
configure:3258: checking whether we are using the GNU C compiler
configure:3277: cc -c -m32 -m32 conftest.c >&5
configure:3277: $? = 0
configure:3286: result: yes
configure:3295: checking whether cc accepts -g
configure:3315: cc -c -g -m32 conftest.c >&5
configure:3315: $? = 0
configure:3356: result: yes
configure:3373: checking for cc option to accept ISO C89
configure:3436: cc  -c -m32 -m32 conftest.c >&5
configure:3436: $? = 0
configure:3449: result: none needed
configure:3475: checking how to run the C preprocessor
configure:3506: cc -E -m32 conftest.c
configure:3506: $? = 0
configure:3520: cc -E -m32 conftest.c
conftest.c:9:28: error: ac_nonexistent.h: No such file or directory
configure:3520: $? = 1
configure: failed program was:
| /* confdefs.h */
| #define PACKAGE_NAME ""
| #define PACKAGE_TARNAME ""
| #define PACKAGE_VERSION ""
| #define PACKAGE_STRING ""
| #define PACKAGE_BUGREPORT ""
| #define PACKAGE_URL ""
| /* end confdefs.h.  */
| #include <ac_nonexistent.h>
configure:3545: result: cc -E
configure:3565: cc -E -m32 conftest.c
configure:3565: $? = 0
configure:3579: cc -E -m32 conftest.c
conftest.c:9:28: error: ac_nonexistent.h: No such file or directory
configure:3579: $? = 1
configure: failed program was:
| /* confdefs.h */
| #define PACKAGE_NAME ""
| #define PACKAGE_TARNAME ""
| #define PACKAGE_VERSION ""
| #define PACKAGE_STRING ""
| #define PACKAGE_BUGREPORT ""
| #define PACKAGE_URL ""
| /* end confdefs.h.  */
| #include <ac_nonexistent.h>
configure:3610: checking for icc
configure:3619: result: no
configure:3633: checking for suncc
configure:3642: result: no
configure:3660: checking whether cc understands -c and -o together
configure:3688: cc -c conftest.c -o conftest2.o >&5
configure:3692: $? = 0
configure:3698: cc -c conftest.c -o conftest2.o >&5
configure:3702: $? = 0
configure:3757: result: yes
configure:3771: checking for system library directory
configure:3786: result: lib
configure:3793: checking if compiler supports -R
configure:3812: cc -o conftest -m32 -m32  conftest.c -R /usr/lib  >&5
ld: in /usr/lib, can't map file, errno=22 for architecture i386
collect2: ld returned 1 exit status
configure:3812: $? = 1
configure: failed program was:
| /* confdefs.h */
| #define PACKAGE_NAME ""
| #define PACKAGE_TARNAME ""
| #define PACKAGE_VERSION ""
| #define PACKAGE_STRING ""
| #define PACKAGE_BUGREPORT ""
| #define PACKAGE_URL ""
| /* end confdefs.h.  */
| 
| int
| main ()
| {
| 
|   ;
|   return 0;
| }
configure:3822: result: no
configure:3827: checking if compiler supports -Wl,-rpath,
configure:3846: cc -o conftest -m32 -m32  conftest.c -Wl,-rpath,/usr/lib  >&5
configure:3846: $? = 0
configure:3856: result: yes
configure:3901: checking build system type
configure:3915: result: i386-apple-darwin11.4.2
configure:3935: checking host system type
configure:3948: result: i386-apple-darwin11.4.2
configure:3968: checking target system type
configure:3981: result: i386-apple-darwin11.4.2
configure:4084: checking for PHP prefix
configure:4086: result: /usr
configure:4088: checking for PHP includes
configure:4090: result: -I/usr/include/php -I/usr/include/php/main -I/usr/include/php/TSRM -I/usr/include/php/Zend -I/usr/include/php/ext -I/usr/include/php/ext/date/lib
configure:4092: checking for PHP extension directory
configure:4094: result: /usr/lib/php/extensions/no-debug-non-zts-20090626
configure:4096: checking for PHP installed headers prefix
configure:4098: result: /usr/include/php
configure:4101: checking if debug is enabled
configure:4127: result: no
configure:4130: checking if zts is enabled
configure:4156: result: no
configure:4230: checking for re2c
configure:4260: result: no
configure:4285: WARNING: You will need re2c 0.13.4 or later if you want to regenerate PHP parsers.
configure:4299: checking for gawk
configure:4330: result: no
configure:4299: checking for nawk
configure:4330: result: no
configure:4299: checking for awk
configure:4316: found /usr/bin/awk
configure:4327: result: awk
configure:4350: checking if awk is broken
configure:4357: result: no
configure:4370: checking whether to enable phaimi support
configure:4409: result: yes, shared
configure:4805: checking for ld used by cc
configure:4872: result: /usr/llvm-gcc-4.2/libexec/gcc/i686-apple-darwin11/4.2.1/ld
configure:4879: checking if the linker (/usr/llvm-gcc-4.2/libexec/gcc/i686-apple-darwin11/4.2.1/ld) is GNU ld
configure:4894: result: no
configure:4899: checking for /usr/llvm-gcc-4.2/libexec/gcc/i686-apple-darwin11/4.2.1/ld option to reload object files
configure:4906: result: -r
configure:4924: checking for BSD-compatible nm
configure:4973: result: /opt/local/bin/nm
configure:4977: checking whether ln -s works
configure:4981: result: yes
configure:4988: checking how to recognize dependent libraries
configure:5174: result: pass_all
configure:5386: checking for ANSI C header files
configure:5406: cc -c -m32 -m32 conftest.c >&5
configure:5406: $? = 0
configure:5479: cc -o conftest -m32 -m32  conftest.c  >&5
configure:5479: $? = 0
configure:5479: ./conftest
configure:5479: $? = 0
configure:5490: result: yes
configure:5503: checking for sys/types.h
configure:5503: cc -c -m32 -m32 conftest.c >&5
configure:5503: $? = 0
configure:5503: result: yes
configure:5503: checking for sys/stat.h
configure:5503: cc -c -m32 -m32 conftest.c >&5
configure:5503: $? = 0
configure:5503: result: yes
configure:5503: checking for stdlib.h
configure:5503: cc -c -m32 -m32 conftest.c >&5
configure:5503: $? = 0
configure:5503: result: yes
configure:5503: checking for string.h
configure:5503: cc -c -m32 -m32 conftest.c >&5
configure:5503: $? = 0
configure:5503: result: yes
configure:5503: checking for memory.h
configure:5503: cc -c -m32 -m32 conftest.c >&5
configure:5503: $? = 0
configure:5503: result: yes
configure:5503: checking for strings.h
configure:5503: cc -c -m32 -m32 conftest.c >&5
configure:5503: $? = 0
configure:5503: result: yes
configure:5503: checking for inttypes.h
configure:5503: cc -c -m32 -m32 conftest.c >&5
configure:5503: $? = 0
configure:5503: result: yes
configure:5503: checking for stdint.h
configure:5503: cc -c -m32 -m32 conftest.c >&5
configure:5503: $? = 0
configure:5503: result: yes
configure:5503: checking for unistd.h
configure:5503: cc -c -m32 -m32 conftest.c >&5
configure:5503: $? = 0
configure:5503: result: yes
configure:5517: checking dlfcn.h usability
configure:5517: cc -c -m32 -m32 conftest.c >&5
configure:5517: $? = 0
configure:5517: result: yes
configure:5517: checking dlfcn.h presence
configure:5517: cc -E -m32 conftest.c
configure:5517: $? = 0
configure:5517: result: yes
configure:5517: checking for dlfcn.h
configure:5517: result: yes
configure:5539: checking the maximum length of command line arguments
configure:5651: result: 196608
configure:5663: checking command to parse /opt/local/bin/nm output from cc object
configure:5768: cc -c -m32 -m32 conftest.c >&5
configure:5771: $? = 0
configure:5775: /opt/local/bin/nm conftest.o \| sed -n -e 's/^.*[ 	]\([BCDEGRST][BCDEGRST]*\)[ 	][ 	]*\([_A-Za-z][_A-Za-z0-9]*\)$/\1 \2 \2/p' \> conftest.nm
configure:5778: $? = 0
cannot find nm_test_var in conftest.nm
configure:5768: cc -c -m32 -m32 conftest.c >&5
configure:5771: $? = 0
configure:5775: /opt/local/bin/nm conftest.o \| sed -n -e 's/^.*[ 	]\([BCDEGRST][BCDEGRST]*\)[ 	][ 	]*_\([_A-Za-z][_A-Za-z0-9]*\)$/\1 _\2 \2/p' \> conftest.nm
configure:5778: $? = 0
configure:5830: cc -o conftest -m32 -m32  conftest.c conftstm.o >&5
configure:5833: $? = 0
configure:5871: result: ok
configure:5875: checking for objdir
configure:5890: result: .libs
configure:5982: checking for ar
configure:5998: found /opt/local/bin/ar
configure:6009: result: ar
configure:6074: checking for ranlib
configure:6090: found /opt/local/bin/ranlib
configure:6101: result: ranlib
configure:6166: checking for strip
configure:6182: found /opt/local/bin/strip
configure:6193: result: strip
configure:6446: checking for dsymutil
configure:6462: found /usr/bin/dsymutil
configure:6473: result: dsymutil
configure:6538: checking for nmedit
configure:6554: found /opt/local/bin/nmedit
configure:6565: result: nmedit
configure:6588: checking for -single_module linker flag
configure:6609: result: yes
configure:6611: checking for -exported_symbols_list linker flag
configure:6627: cc -o conftest -m32 -m32  -Wl,-exported_symbols_list,conftest.sym conftest.c  >&5
configure:6630: $? = 0
configure:6644: result: yes
configure:6762: checking if cc supports -fno-rtti -fno-exceptions
configure:6780: cc -c -m32 -m32 -fno-rtti -fno-exceptions conftest.c >&5
cc1: warning: command line option "-fno-rtti" is valid for C++/ObjC++ but not for C
configure:6784: $? = 0
configure:6797: result: no
configure:6812: checking for cc option to produce PIC
configure:7052: result: -fno-common
configure:7060: checking if cc PIC flag -fno-common works
configure:7078: cc -c -m32 -m32 -fno-common -DPIC conftest.c >&5
configure:7082: $? = 0
configure:7095: result: yes
configure:7123: checking if cc static flag -static works
configure:7151: result: no
configure:7161: checking if cc supports -c -o file.o
configure:7182: cc -c -m32 -m32 -o out/conftest2.o conftest.c >&5
configure:7186: $? = 0
configure:7208: result: yes
configure:7234: checking whether the cc linker (/usr/llvm-gcc-4.2/libexec/gcc/i686-apple-darwin11/4.2.1/ld) supports shared libraries
configure:8166: result: yes
configure:8233: checking dynamic linker characteristics
configure:8835: result: darwin11.4.2 dyld
configure:8859: checking how to hardcode library paths into programs
configure:8884: result: immediate
configure:8898: checking whether stripping libraries is possible
configure:8912: result: yes
configure:9420: checking if libtool supports shared libraries
configure:9422: result: yes
configure:9425: checking whether to build shared libraries
configure:9446: result: yes
configure:9449: checking whether to build static libraries
configure:9453: result: no
configure:9548: result:
creating libtool
configure:13251: creating ./config.status

## ---------------------- ##
## Running config.status. ##
## ---------------------- ##

This file was extended by config.status, which was
generated by GNU Autoconf 2.69.  Invocation command line was

  CONFIG_FILES    = 
  CONFIG_HEADERS  = 
  CONFIG_LINKS    = 
  CONFIG_COMMANDS = 
  $ ./config.status 

on haimimac.local

config.status:677: creating config.h
config.status:767: config.h is unchanged

## ---------------- ##
## Cache variables. ##
## ---------------- ##

ac_cv_build=i386-apple-darwin11.4.2
ac_cv_c_compiler_gnu=yes
ac_cv_env_CC_set=
ac_cv_env_CC_value=
ac_cv_env_CFLAGS_set=set
ac_cv_env_CFLAGS_value=-m32
ac_cv_env_CPPFLAGS_set=set
ac_cv_env_CPPFLAGS_value=-m32
ac_cv_env_CPP_set=
ac_cv_env_CPP_value=
ac_cv_env_LDFLAGS_set=
ac_cv_env_LDFLAGS_value=
ac_cv_env_LIBS_set=
ac_cv_env_LIBS_value=
ac_cv_env_build_alias_set=
ac_cv_env_build_alias_value=
ac_cv_env_host_alias_set=
ac_cv_env_host_alias_value=
ac_cv_env_target_alias_set=
ac_cv_env_target_alias_value=
ac_cv_header_dlfcn_h=yes
ac_cv_header_inttypes_h=yes
ac_cv_header_memory_h=yes
ac_cv_header_stdc=yes
ac_cv_header_stdint_h=yes
ac_cv_header_stdlib_h=yes
ac_cv_header_string_h=yes
ac_cv_header_strings_h=yes
ac_cv_header_sys_stat_h=yes
ac_cv_header_sys_types_h=yes
ac_cv_header_unistd_h=yes
ac_cv_host=i386-apple-darwin11.4.2
ac_cv_objext=o
ac_cv_path_EGREP='/usr/bin/grep -E'
ac_cv_path_GREP=/usr/bin/grep
ac_cv_prog_AWK=awk
ac_cv_prog_CPP='cc -E'
ac_cv_prog_ac_ct_AR=ar
ac_cv_prog_ac_ct_CC=cc
ac_cv_prog_ac_ct_DSYMUTIL=dsymutil
ac_cv_prog_ac_ct_NMEDIT=nmedit
ac_cv_prog_ac_ct_RANLIB=ranlib
ac_cv_prog_ac_ct_STRIP=strip
ac_cv_prog_cc_c89=
ac_cv_prog_cc_cc_c_o=yes
ac_cv_prog_cc_g=yes
ac_cv_target=i386-apple-darwin11.4.2
lt_cv_apple_cc_single_mod=yes
lt_cv_deplibs_check_method=pass_all
lt_cv_file_magic_cmd='$MAGIC_CMD'
lt_cv_file_magic_test_file=
lt_cv_ld_exported_symbols_list=yes
lt_cv_ld_reload_flag=-r
lt_cv_objdir=.libs
lt_cv_path_LD=/usr/llvm-gcc-4.2/libexec/gcc/i686-apple-darwin11/4.2.1/ld
lt_cv_path_NM=/opt/local/bin/nm
lt_cv_path_SED=/opt/local/bin/gsed
lt_cv_prog_compiler_c_o=yes
lt_cv_prog_compiler_pic_works=yes
lt_cv_prog_compiler_rtti_exceptions=no
lt_cv_prog_compiler_static_works=no
lt_cv_prog_gnu_ld=no
lt_cv_sys_global_symbol_pipe='sed -n -e '\''s/^.*[ 	]\([BCDEGRST][BCDEGRST]*\)[ 	][ 	]*_\([_A-Za-z][_A-Za-z0-9]*\)$/\1 _\2 \2/p'\'''
lt_cv_sys_global_symbol_to_c_name_address='sed -n -e '\''s/^: \([^ ]*\) $/  {\"\1\", (lt_ptr) 0},/p'\'' -e '\''s/^[BCDEGRST] \([^ ]*\) \([^ ]*\)$/  {"\2", (lt_ptr) \&\2},/p'\'''
lt_cv_sys_global_symbol_to_cdecl='sed -n -e '\''s/^. .* \(.*\)$/extern int \1;/p'\'''
lt_cv_sys_lib_dlsearch_path_spec='/usr/local/lib /lib /usr/lib'
lt_cv_sys_lib_search_path_spec='/usr/llvm-gcc-4.2/lib/gcc/i686-apple-darwin11/4.2.1/x86_64 /Developer/usr/llvm-gcc-4.2/lib/gcc/i686-apple-darwin11/4.2.1/x86_64 /usr/lib/gcc/i686-apple-darwin11/4.2.1/x86_64 /usr/lib/i686-apple-darwin11/4.2.1 /usr/lib /usr/llvm-gcc-4.2/lib/gcc/i686-apple-darwin11/4.2.1 /usr/llvm-gcc-4.2/lib/gcc /Developer/usr/llvm-gcc-4.2/lib/gcc/i686-apple-darwin11/4.2.1 /usr/lib/gcc/i686-apple-darwin11/4.2.1 /usr/llvm-gcc-4.2/lib /Developer/usr/llvm-gcc-4.2/lib /usr/local/lib'
lt_cv_sys_max_cmd_len=196608
lt_lt_cv_prog_compiler_c_o='"yes"'
lt_lt_cv_sys_global_symbol_pipe='"sed -n -e '\''s/^.*[ 	]\\([BCDEGRST][BCDEGRST]*\\)[ 	][ 	]*_\\([_A-Za-z][_A-Za-z0-9]*\\)\$/\\1 _\\2 \\2/p'\''"'
lt_lt_cv_sys_global_symbol_to_c_name_address='"sed -n -e '\''s/^: \\([^ ]*\\) \$/  {\\\"\\1\\\", (lt_ptr) 0},/p'\'' -e '\''s/^[BCDEGRST] \\([^ ]*\\) \\([^ ]*\\)\$/  {\"\\2\", (lt_ptr) \\&\\2},/p'\''"'
lt_lt_cv_sys_global_symbol_to_cdecl='"sed -n -e '\''s/^. .* \\(.*\\)\$/extern int \\1;/p'\''"'
php_cv_cc_dashr=no
php_cv_cc_rpath=yes

## ----------------- ##
## Output variables. ##
## ----------------- ##

AR='ar'
AWK='awk'
CC='cc'
CFLAGS='-m32'
CONFIGURE_COMMAND=' '\''./configure'\''  '\''--enable-phaimi'\'''
CONFIGURE_OPTIONS=' '\''--enable-phaimi'\'''
CPP='cc -E'
CPPFLAGS='-m32 -DHAVE_CONFIG_H'
DEFS='-DHAVE_CONFIG_H'
DSYMUTIL='dsymutil'
ECHO='/bin/echo'
ECHO_C='\c'
ECHO_N=''
ECHO_T=''
EGREP='/usr/bin/grep -E'
EXEEXT=''
GREP='/usr/bin/grep'
LDFLAGS=''
LIBOBJS=''
LIBS=''
LIBTOOL='$(SHELL) $(top_builddir)/libtool'
LN_S='ln -s'
LTLIBOBJS=''
NMEDIT='nmedit'
OBJEXT='o'
PACKAGE_BUGREPORT=''
PACKAGE_NAME=''
PACKAGE_STRING=''
PACKAGE_TARNAME=''
PACKAGE_URL=''
PACKAGE_VERSION=''
PATH_SEPARATOR=':'
RANLIB='ranlib'
RE2C='exit 0;'
SED='/opt/local/bin/gsed'
SHELL='/bin/sh'
SHLIB_DL_SUFFIX_NAME='so'
SHLIB_SUFFIX_NAME='dylib'
STRIP='strip'
ac_ct_CC='cc'
bindir='${exec_prefix}/bin'
build='i386-apple-darwin11.4.2'
build_alias=''
build_cpu='i386'
build_os='darwin11.4.2'
build_vendor='apple'
datadir='${datarootdir}'
datarootdir='${prefix}/share'
docdir='${datarootdir}/doc/${PACKAGE}'
dvidir='${docdir}'
exec_prefix='$(prefix)'
host='i386-apple-darwin11.4.2'
host_alias='i386-apple-darwin11.4.2'
host_cpu='i386'
host_os='darwin11.4.2'
host_vendor='apple'
htmldir='${docdir}'
includedir='${prefix}/include'
infodir='${datarootdir}/info'
libdir='${exec_prefix}/lib'
libexecdir='${exec_prefix}/libexec'
localedir='${datarootdir}/locale'
localstatedir='${prefix}/var'
mandir='${datarootdir}/man'
oldincludedir='/usr/include'
pdfdir='${docdir}'
prefix='/usr'
program_transform_name='s,x,x,'
psdir='${docdir}'
sbindir='${exec_prefix}/sbin'
sharedstatedir='${prefix}/com'
sysconfdir='${prefix}/etc'
target='i386-apple-darwin11.4.2'
target_alias=''
target_cpu='i386'
target_os='darwin11.4.2'
target_vendor='apple'

## ----------- ##
## confdefs.h. ##
## ----------- ##

/* confdefs.h */
#define PACKAGE_NAME ""
#define PACKAGE_TARNAME ""
#define PACKAGE_VERSION ""
#define PACKAGE_STRING ""
#define PACKAGE_BUGREPORT ""
#define PACKAGE_URL ""
#define HAVE_PHAIMI 1
#define COMPILE_DL_PHAIMI 1
#define STDC_HEADERS 1
#define HAVE_SYS_TYPES_H 1
#define HAVE_SYS_STAT_H 1
#define HAVE_STDLIB_H 1
#define HAVE_STRING_H 1
#define HAVE_MEMORY_H 1
#define HAVE_STRINGS_H 1
#define HAVE_INTTYPES_H 1
#define HAVE_STDINT_H 1
#define HAVE_UNISTD_H 1
#define HAVE_DLFCN_H 1

configure: exit 0
